{
  "stats": {
    "suites": 1,
    "tests": 1,
    "passes": 1,
    "pending": 0,
    "failures": 0,
    "start": "2021-07-29T21:39:18.597Z",
    "end": "2021-07-29T21:39:20.303Z",
    "duration": 1706,
    "testsRegistered": 1,
    "passPercent": 100,
    "pendingPercent": 0,
    "other": 0,
    "hasOther": false,
    "skipped": 0,
    "hasSkipped": false
  },
  "results": [
    {
      "uuid": "5c6f7808-194a-4669-9556-c41eb8cde3e7",
      "title": "",
      "fullFile": "cypress/integration/features/treporte.feature",
      "file": "cypress/integration/features/treporte.feature",
      "beforeHooks": [],
      "afterHooks": [],
      "tests": [],
      "suites": [
        {
          "uuid": "c2c3ced3-8ef6-44ad-ac26-531240cb9356",
          "title": "Data Reporte",
          "fullFile": "",
          "file": "",
          "beforeHooks": [],
          "afterHooks": [],
          "tests": [
            {
              "title": "Obtiene las Métricas del Reporte",
              "fullTitle": "Data Reporte Obtiene las Métricas del Reporte",
              "timedOut": null,
              "duration": 1691,
              "state": "passed",
              "speed": "slow",
              "pass": true,
              "fail": false,
              "pending": false,
              "context": null,
              "code": "const state = window.testState;\nreturn cy\n  .then(() => state.onStartScenario(scenario, indexedSteps))\n  .then(() =>\n    resolveAndRunBeforeHooks.call(this, scenario.tags, state.feature.name)\n  )\n  .then(() =>\n    indexedSteps.forEach((step) =>\n      stepTest.call(this, state, step, rowData)\n    )\n  )\n  .then(() => state.onFinishScenario(scenario));",
              "err": {},
              "uuid": "f529cde6-9e5c-480a-ad88-179b98bee2ed",
              "parentUUID": "c2c3ced3-8ef6-44ad-ac26-531240cb9356",
              "isHook": false,
              "skipped": false
            }
          ],
          "suites": [],
          "passes": [
            "f529cde6-9e5c-480a-ad88-179b98bee2ed"
          ],
          "failures": [],
          "pending": [],
          "skipped": [],
          "duration": 1691,
          "root": false,
          "rootEmpty": false,
          "_timeout": 2000
        }
      ],
      "passes": [],
      "failures": [],
      "pending": [],
      "skipped": [],
      "duration": 0,
      "root": true,
      "rootEmpty": true,
      "_timeout": 2000
    }
  ],
  "meta": {
    "mocha": {
      "version": "7.0.1"
    },
    "mochawesome": {
      "options": {
        "quiet": false,
        "reportFilename": "mochawesome",
        "saveHtml": false,
        "saveJson": true,
        "consoleReporter": "spec",
        "useInlineDiffs": false,
        "code": true
      },
      "version": "6.2.2"
    },
    "marge": {
      "options": {
        "reportDir": "cypress/results",
        "overwrite": true,
        "html": false,
        "json": true
      },
      "version": "5.2.0"
    }
  }
}